Determining if files pthread.h exist failed with the following output:
Change Dir: D:/git/mysql-5.5.20/bld/CMakeFiles/CMakeTmp

Run Build Command:C:\PROGRA~1\MICROS~1.0\Common7\IDE\devenv.com CMAKE_TRY_COMPILE.sln /build Debug /project cmTryCompileExec

Microsoft (R) Visual Studio 9.0.21022.8 版。
版权所有 (C) Microsoft Corp。保留所有权利。
1>------ 已启动生成: 项目: cmTryCompileExec, 配置: Debug Win32 ------
1>正在编译...
1>用于 80x86 的 Microsoft (R) 32 位 C/C++ 优化编译器 15.00.21022.08 版
1>版权所有(C) Microsoft Corporation。保留所有权利。
1>cl /Od /D "WIN32" /D "_WINDOWS" /D "_DEBUG" /D "CMAKE_INTDIR=\"Debug\"" /D "_MBCS" /FD /RTC1 /MDd /Fo"cmTryCompileExec.dir\Debug\\" /Fd"D:\git\mysql-5.5.20\bld\CMakeFiles\CMakeTmp\Debug/cmTryCompileExec.pdb" /W3 /c /Zi /TC /wd4800 /wd4805 /wd4996   /Zm1000 /MP
1>   ".\CheckIncludeFiles.c"
1>CheckIncludeFiles.c
1>.\CheckIncludeFiles.c(2) : fatal error C1083: 无法打开包括文件:“pthread.h”: No such file or directory
1>生成日志保存在“file://d:\git\mysql-5.5.20\bld\CMakeFiles\CMakeTmp\cmTryCompileExec.dir\Debug\BuildLog.htm”
1>cmTryCompileExec - 1 个错误，0 个警告
========== 生成: 成功 0 个，失败 1 个，最新 0 个，跳过 0 个 ==========

Source:
/* */
#include <pthread.h>


int main(){return 0;}

Determining if the function fedisableexcept exists failed with the following output:
Change Dir: D:/git/mysql-5.5.20/bld/CMakeFiles/CMakeTmp

Run Build Command:C:\PROGRA~1\MICROS~1.0\Common7\IDE\devenv.com CMAKE_TRY_COMPILE.sln /build Debug /project cmTryCompileExec

Microsoft (R) Visual Studio 9.0.21022.8 版。
版权所有 (C) Microsoft Corp。保留所有权利。
1>------ 已启动生成: 项目: cmTryCompileExec, 配置: Debug Win32 ------
1>正在编译...
1>用于 80x86 的 Microsoft (R) 32 位 C/C++ 优化编译器 15.00.21022.08 版
1>版权所有(C) Microsoft Corporation。保留所有权利。
1>cl /Od /D "WIN32" /D "_WINDOWS" /D "CHECK_FUNCTION_EXISTS=fedisableexcept" /D "_DEBUG" /D "CMAKE_INTDIR=\"Debug\"" /D "_MBCS" /FD /RTC1 /MDd /Fo"cmTryCompileExec.dir\Debug\\" /Fd"D:\git\mysql-5.5.20\bld\CMakeFiles\CMakeTmp\Debug/cmTryCompileExec.pdb" /W3 /c /Zi /TC /wd4800 /wd4805 /wd4996   /Zm1000 /MP
1>   "C:\Program Files\CMake 2.8\share\cmake-2.8\Modules\CheckFunctionExists.c"
1>CheckFunctionExists.c
1>正在编译资源清单...
1>Microsoft (R) Windows (R) Resource Compiler Version 6.0.5724.0
1>Copyright (C) Microsoft Corporation.  All rights reserved.
1>正在链接...
1>CheckFunctionExists.obj : error LNK2019: 无法解析的外部符号 _fedisableexcept，该符号在函数 _main 中被引用
1>D:\git\mysql-5.5.20\bld\CMakeFiles\CMakeTmp\Debug\cmTryCompileExec.exe : fatal error LNK1120: 1 个无法解析的外部命令
1>生成日志保存在“file://d:\git\mysql-5.5.20\bld\CMakeFiles\CMakeTmp\cmTryCompileExec.dir\Debug\BuildLog.htm”
1>cmTryCompileExec - 2 个错误，0 个警告
========== 生成: 成功 0 个，失败 1 个，最新 0 个，跳过 0 个 ==========


Performing C SOURCE FILE Test TIME_T_UNSIGNED failed with the following output:
Change Dir: D:/git/mysql-5.5.20/bld/CMakeFiles/CMakeTmp

Run Build Command:C:\PROGRA~1\MICROS~1.0\Common7\IDE\devenv.com CMAKE_TRY_COMPILE.sln /build Debug /project cmTryCompileExec

Microsoft (R) Visual Studio 9.0.21022.8 版。
版权所有 (C) Microsoft Corp。保留所有权利。
1>------ 已启动生成: 项目: cmTryCompileExec, 配置: Debug Win32 ------
1>正在编译...
1>用于 80x86 的 Microsoft (R) 32 位 C/C++ 优化编译器 15.00.21022.08 版
1>版权所有(C) Microsoft Corporation。保留所有权利。
1>cl /Od /D "WIN32" /D "_WINDOWS" /D "TIME_T_UNSIGNED" /D "_DEBUG" /D "_LARGEFILE_SOURCE" /D "_LARGE_FILES" /D "_FILE_OFFSET_BITS=64" /D "__STDC_LIMIT_MACROS" /D "__STDC_CONSTANT_MACROS" /D "__STDC_FORMAT_MACROS" /D "CMAKE_INTDIR=\"Debug\"" /D "_MBCS" /FD /RTC1 /MDd /Fo"cmTryCompileExec.dir\Debug\\" /Fd"D:\git\mysql-5.5.20\bld\CMakeFiles\CMakeTmp\Debug/cmTryCompileExec.pdb" /W3 /c /Zi /TC /wd4800 /wd4805 /wd4996   /Zm1000 /MP
1>   ".\src.c"
1>src.c
1>.\src.c(4) : error C2065: “time_t”: 未声明的标识符
1>.\src.c(4) : error C2057: 应输入常量表达式
1>.\src.c(4) : error C2466: 不能分配常量大小为 0 的数组
1>.\src.c(4) : error C2133: “array”: 未知的大小
1>生成日志保存在“file://d:\git\mysql-5.5.20\bld\CMakeFiles\CMakeTmp\cmTryCompileExec.dir\Debug\BuildLog.htm”
1>cmTryCompileExec - 4 个错误，0 个警告
========== 生成: 成功 0 个，失败 1 个，最新 0 个，跳过 0 个 ==========

Source file was:

int main()
{
  int array[(((time_t)-1) > 0) ? 1 : -1];
  return 0;
}
